<?xml version="1.0" encoding="UTF-8"?>
<testng-results skipped="0" failed="0" ignored="0" total="1" passed="1">
  <reporter-output>
  </reporter-output>
  <suite name="Default suite" duration-ms="48840" started-at="2019-04-27T07:05:51Z" finished-at="2019-04-27T07:06:40Z">
    <groups>
    </groups>
    <test name="Default test" duration-ms="48840" started-at="2019-04-27T07:05:51Z" finished-at="2019-04-27T07:06:40Z">
      <class name="com.makemytrip.tests.MakeMyTripTest">
        <test-method status="PASS" signature="setExtent()[pri:0, instance:com.makemytrip.tests.MakeMyTripTest@3febb011]" name="setExtent" is-config="true" duration-ms="80" started-at="2019-04-27T07:05:51Z" finished-at="2019-04-27T07:05:51Z">
          <reporter-output>
          </reporter-output>
        </test-method> <!-- setExtent -->
        <test-method status="PASS" signature="init()[pri:0, instance:com.makemytrip.tests.MakeMyTripTest@3febb011]" name="init" is-config="true" duration-ms="7279" started-at="2019-04-27T07:05:51Z" finished-at="2019-04-27T07:05:58Z">
          <reporter-output>
          </reporter-output>
        </test-method> <!-- init -->
        <test-method status="PASS" signature="makeMyTripTest()[pri:0, instance:com.makemytrip.tests.MakeMyTripTest@3febb011]" name="makeMyTripTest" duration-ms="39945" started-at="2019-04-27T07:05:58Z" finished-at="2019-04-27T07:06:38Z">
          <reporter-output>
          </reporter-output>
        </test-method> <!-- makeMyTripTest -->
        <test-method status="PASS" signature="tearDown(org.testng.ITestResult)[pri:0, instance:com.makemytrip.tests.MakeMyTripTest@3febb011]" name="tearDown" is-config="true" duration-ms="1197" started-at="2019-04-27T07:06:38Z" finished-at="2019-04-27T07:06:39Z">
          <params>
            <param index="0">
              <value>
                <![CDATA[[TestResult name=makeMyTripTest status=SUCCESS method=MakeMyTripTest.makeMyTripTest()[pri:0, instance:com.makemytrip.tests.MakeMyTripTest@3febb011] output={null}]]]>
              </value>
            </param>
          </params>
          <reporter-output>
          </reporter-output>
        </test-method> <!-- tearDown -->
        <test-method status="PASS" signature="endReport()[pri:0, instance:com.makemytrip.tests.MakeMyTripTest@3febb011]" name="endReport" is-config="true" duration-ms="322" started-at="2019-04-27T07:06:39Z" finished-at="2019-04-27T07:06:40Z">
          <reporter-output>
          </reporter-output>
        </test-method> <!-- endReport -->
      </class> <!-- com.makemytrip.tests.MakeMyTripTest -->
    </test> <!-- Default test -->
  </suite> <!-- Default suite -->
</testng-results>
